Performing C SOURCE FILE Test MULTIPASS_TEST_1_petsc_works_minimal failed with the following compile output:
Change Dir: /home/patricia/Arlequin10/build/Debug/CMakeFiles/CMakeTmp

Run Build Command(s):/usr/bin/gmake -f Makefile cmTC_6e9df/fast && /usr/bin/gmake  -f CMakeFiles/cmTC_6e9df.dir/build.make CMakeFiles/cmTC_6e9df.dir/build
gmake[1]: Entering directory '/home/patricia/Arlequin10/build/Debug/CMakeFiles/CMakeTmp'
Building C object CMakeFiles/cmTC_6e9df.dir/src.c.o
/usr/bin/gcc -DMULTIPASS_TEST_1_petsc_works_minimal -I/home/patricia/petsc-3.18.0/arch-linux2-c-debug/include -I/home/patricia/petsc-3.18.0/include  -o CMakeFiles/cmTC_6e9df.dir/src.c.o -c /home/patricia/Arlequin10/build/Debug/CMakeFiles/CMakeTmp/src.c
In file included from /home/patricia/petsc-3.18.0/include/petscvec.h:9,
                 from /home/patricia/petsc-3.18.0/include/petscmat.h:7,
                 from /home/patricia/petsc-3.18.0/include/petscpc.h:7,
                 from /home/patricia/petsc-3.18.0/include/petscksp.h:7,
                 from /home/patricia/petsc-3.18.0/include/petscsnes.h:7,
                 from /home/patricia/petsc-3.18.0/include/petscts.h:8,
                 from /home/patricia/Arlequin10/build/Debug/CMakeFiles/CMakeTmp/src.c:3:
/home/patricia/petsc-3.18.0/include/petscsys.h:66:12: fatal error: mpi.h: No such file or directory
   66 |   #include <mpi.h>
      |            ^~~~~~~
compilation terminated.
gmake[1]: *** [CMakeFiles/cmTC_6e9df.dir/build.make:78: CMakeFiles/cmTC_6e9df.dir/src.c.o] Error 1
gmake[1]: Leaving directory '/home/patricia/Arlequin10/build/Debug/CMakeFiles/CMakeTmp'
gmake: *** [Makefile:127: cmTC_6e9df/fast] Error 2


...and run output:

Return value: 1
Source file was:

static const char help[] = "PETSc test program.";
#include <petscts.h>
int main(int argc,char *argv[]) {
  PetscErrorCode ierr;
  TS ts;
  ierr = PetscInitialize(&argc,&argv,0,help);CHKERRQ(ierr);
  ierr = TSCreate(PETSC_COMM_WORLD,&ts);CHKERRQ(ierr);
  ierr = TSSetFromOptions(ts);CHKERRQ(ierr);
  ierr = TSDestroy(&ts);CHKERRQ(ierr);
  ierr = PetscFinalize();CHKERRQ(ierr);
  return 0;
}

