Vec Object: 2 MPI processes
  type: mpi
Process [0]
0.
0.
0.
0.
0.
0.
0.
0.
0.
0.
0.
0.
0.
0.
0.
0.
0.
0.
0.
0.
0.
0.
0.
0.
0.
0.
0.
0.
0.
0.
0.
0.
0.
0.
0.
0.
0.
0.
0.
0.
0.
0.
0.
0.
0.
0.
0.
0.
0.
0.
0.
0.
0.
0.
0.
0.
0.
0.
0.
0.
0.
0.
0.
0.
0.
0.
0.
0.
0.
0.
0.
0.
0.
0.
0.
0.
0.
0.
0.
0.
0.
0.
0.
0.
0.
0.
0.
0.
0.
0.
0.
0.
0.
0.
0.
0.
0.
0.
0.
0.
0.
0.
0.
0.
0.
0.
0.
0.
0.
0.
0.
0.
0.
0.
0.
0.
0.
0.
0.
0.
0.
0.
0.
0.
0.
0.
0.
0.
0.
0.
0.
0.
0.
0.
0.
0.
0.
0.
0.
0.
0.
0.
0.
0.
0.
0.
0.
0.
0.
0.
0.
0.
0.
0.
0.
0.
0.
0.
0.
0.
0.
0.
0.
0.
0.
0.
0.
0.
0.
0.
0.
0.
0.
0.
0.
0.
0.
0.
0.
0.
0.
0.
0.
0.
0.
0.
0.
0.
0.
0.
0.
0.
0.
0.
0.
0.
0.
0.
0.
0.
0.
0.
0.
0.
0.
0.
0.
0.
0.
0.
0.
0.
0.
0.
0.
0.
0.
0.
0.
0.
0.
0.
0.
0.
0.
0.
0.
0.
0.
0.
0.
0.
0.
0.
0.
0.
0.
0.
0.
0.
6.52466e-18
6.67407e-19
1.2648e-18
-2.61896e-19
-1.42941e-18
-9.48321e-19
-4.26202e-18
-5.5399e-19
-2.30039e-18
-1.19267e-18
-5.72084e-18
-5.30807e-19
-1.23256e-18
-8.00557e-19
-8.24948e-19
7.50174e-20
1.26441e-17
2.82959e-19
3.21283e-18
-1.24498e-18
7.24495e-18
1.03184e-18
3.49306e-18
-4.5446e-19
3.37995e-18
-4.37146e-19
4.30599e-18
7.62586e-19
1.21161e-21
9.39705e-19
-3.13117e-18
-8.6993e-20
-9.7095e-19
-1.74277e-18
-4.54732e-18
-5.27018e-19
-1.73266e-18
1.70004e-19
-6.98906e-18
1.08856e-19
-1.42234e-18
1.19345e-18
1.54635e-18
4.3984e-19
2.50017e-18
1.64338e-18
5.85002e-19
-4.92724e-20
-2.22283e-18
-8.17977e-19
4.17846e-18
-1.73963e-18
3.21011e-18
-1.25277e-18
4.69093e-18
1.30206e-19
4.54545e-18
-3.60646e-19
-2.09749e-18
1.61732e-18
-1.9271e-18
-2.12474e-18
-1.88508e-18
7.62586e-19
3.68464e-18
6.85229e-19
5.64889e-19
-1.01247e-19
1.79904e-18
1.60417e-18
5.48414e-18
-5.7773e-19
4.28245e-18
1.89689e-18
3.80879e-20
-3.28332e-19
3.95591e-18
2.84037e-20
2.76565e-18
4.54015e-20
3.11796e-18
1.6247e-18
3.33915e-18
6.42939e-19
4.86139e-18
1.80842e-18
2.57056e-18
-3.0497e-19
-9.33393e-20
4.9029e-19
-2.06008e-18
1.96723e-18
-2.51631e-18
-3.69369e-19
1.67544e-18
2.60799e-19
-4.64804e-19
-7.16144e-19
-1.92348e-19
1.05586e-18
1.25044e-18
1.31203e-18
-2.2268e-18
-2.37627e-18
-4.02471e-18
-3.74814e-19
-3.4969e-18
3.63097e-19
-1.75289e-18
1.47235e-18
-2.6889e-18
-8.22148e-19
-1.76828e-18
-1.56926e-19
9.28553e-19
-6.03656e-19
1.7096e-18
-8.44039e-19
2.22517e-18
-1.62635e-18
-1.86494e-18
-7.40911e-19
3.82006e-18
-2.70837e-19
1.1687e-18
4.18832e-19
1.37065e-18
-3.32758e-19
4.328e-18
1.21896e-18
2.51817e-18
1.06415e-18
4.52447e-18
1.12529e-18
4.96932e-18
-3.54172e-19
2.83575e-18
-2.49695e-19
3.14899e-18
4.84289e-19
-1.15549e-18
2.97468e-19
2.19611e-18
1.49058e-18
3.5764e-18
-6.91762e-19
2.255e-18
-7.44219e-19
0.00833687
0.000100737
0.0017416
0.000100737
-0.00106151
-6.47762e-05
-0.00175634
0.000624624
0.00145088
-0.000566401
0.00761855
-0.000591168
3.45681e-18
-9.22183e-19
5.72617e-18
-1.87564e-19
3.57672e-18
-8.87317e-21
-1.4126e-18
-5.81096e-19
7.24846e-18
-3.45648e-18
6.52924e-18
6.92896e-19
0.0125073
0.000103608
-0.000400905
0.000103608
0.00376759
-8.04341e-05
-0.000804946
0.000408022
0.00224989
-0.000341243
-3.17778e-18
4.3636e-19
0.0120831
0.000418643
3.07719e-18
1.07176e-18
-8.02874e-19
6.59442e-19
1.85209e-18
-2.85294e-19
3.90389e-18
-5.92293e-19
3.63048e-18
-1.53897e-19
4.15002e-18
-1.85983e-18
5.9903e-18
-1.37294e-18
3.30431e-18
7.9619e-19
-4.28285e-19
7.3175e-19
4.26386e-18
-8.16907e-19
-2.95485e-18
6.8374e-19
3.75549e-18
-6.02151e-19
2.60775e-18
-1.14811e-18
3.93411e-18
-6.7029e-19
5.04469e-18
-3.58096e-19
4.07327e-18
-1.44291e-18
2.59374e-18
-4.6271e-19
7.07651e-18
1.31189e-19
-9.20696e-19
-3.60304e-19
4.90525e-19
3.57408e-19
4.11927e-18
-3.85973e-19
-0.000895887
-0.000483225
0.00321168
0.000380188
3.97581e-18
-7.94315e-19
0.0117324
-0.000483225
3.54184e-18
3.28068e-19
-1.48913e-18
-2.19566e-20
0.0114917
0.000120107
-0.000580314
0.000120107
0.00334513
-0.000168719
-0.00016811
-0.000171719
0.00445042
0.000172731
7.10161e-19
1.49482e-18
0.012867
-0.000150901
-7.73806e-19
7.96366e-20
4.91646e-19
-5.92611e-19
7.0816e-19
-1.12095e-18
0.0126649
-7.77702e-06
-0.000390592
-7.77702e-06
0.00403425
-5.03004e-05
1.31265e-18
-1.64049e-18
0.0112764
-0.000413761
0.0117574
0.000301428
5.57899e-18
3.84605e-19
0.00585206
-0.000318286
3.38362e-05
0.000320547
0.000123069
-0.000413761
0.00795495
4.79478e-05
8.49953e-19
-1.51544e-18
1.73015e-18
-3.06766e-19
1.96031e-18
-5.07745e-19
2.25245e-18
7.50103e-19
-6.55506e-19
-9.98415e-19
4.98766e-18
-3.351e-19
5.17932e-18
-6.66625e-19
1.47032e-18
8.07306e-19
4.21993e-18
-1.52502e-19
2.43944e-18
-5.85438e-19
3.76684e-19
-1.06554e-18
4.43994e-18
3.13361e-19
2.42128e-18
2.99508e-19
4.31647e-18
1.1617e-18
7.81064e-19
3.42444e-19
7.25394e-20
-1.96844e-18
4.23356e-18
2.4808e-19
6.31577e-18
-5.22235e-19
3.68423e-18
5.0671e-20
-2.02692e-18
7.81735e-19
3.51988e-18
-3.73642e-20
2.96669e-18
1.19698e-20
-8.25434e-19
-6.32004e-20
1.67408e-18
-1.38918e-18
3.10663e-18
-5.70244e-20
1.40634e-18
2.14631e-19
1.55036e-18
-1.17936e-19
6.75335e-18
-1.13396e-18
5.20239e-18
1.27123e-18
3.6907e-18
-1.41033e-18
0.00240779
0.00138048
0.0118339
-0.00136529
-0.00221125
0.00129636
0.0103767
-0.00120853
-2.48166e-18
1.64997e-18
-8.87418e-19
-4.55159e-19
6.50807e-18
6.50095e-19
1.525e-18
5.05918e-19
5.96271e-18
-1.47338e-18
-9.21451e-19
4.43806e-19
5.02027e-18
-5.67565e-19
4.35812e-18
4.86066e-19
-4.00256e-18
-6.92799e-19
4.68196e-18
1.53169e-18
2.25856e-18
-1.71608e-18
4.94427e-18
-3.78638e-19
1.20812e-18
-9.24226e-19
3.63202e-19
9.33087e-19
-1.79338e-18
2.1627e-19
9.43809e-18
-3.01446e-18
5.75916e-19
1.94921e-18
0.0101811
3.39991e-05
-0.00720501
3.39991e-05
0.00601461
0.000156474
0.00832513
-0.000426912
-0.00656867
0.000326639
0.00996635
0.000312733
-3.50172e-19
-6.0487e-19
5.63893e-18
8.05843e-20
1.27422e-18
-3.26713e-19
7.77555e-18
1.55636e-19
6.77756e-18
9.07424e-20
2.87457e-18
7.31787e-19
4.05937e-18
-4.27513e-20
1.58904e-18
2.28054e-19
1.49696e-18
1.82459e-19
-8.20097e-19
-1.29858e-18
-1.79169e-18
-9.2506e-19
5.15107e-18
6.84265e-19
6.96472e-18
-1.3667e-18
1.99963e-18
-4.25784e-20
7.41839e-18
2.67215e-19
1.8513e-18
-3.48075e-19
6.33207e-18
2.37221e-18
2.91426e-18
4.123e-19
-2.53906e-18
-4.14305e-19
0.00162068
8.11735e-06
0.00717359
-4.19115e-07
3.48264e-18
9.4523e-21
0.0136095
8.11735e-06
2.06763e-18
-6.84278e-20
2.33722e-18
9.21506e-19
3.70077e-18
-7.72924e-19
-1.99015e-20
-4.46259e-19
4.95214e-18
-2.6269e-19
6.80153e-18
-7.13704e-19
6.20175e-18
-1.11479e-19
2.51601e-18
-2.6086e-19
-6.20846e-19
1.49294e-18
9.79757e-19
-2.87589e-18
-1.54175e-18
8.29942e-19
2.69119e-18
3.73822e-19
6.58465e-18
-6.71707e-19
-3.45373e-18
-2.25194e-18
2.43848e-18
8.52303e-19
1.42077e-18
-2.74578e-19
2.49592e-18
-9.5802e-19
7.60941e-18
-1.86284e-18
1.7936e-18
-4.33265e-19
3.57164e-18
3.30977e-19
3.03813e-18
-8.03819e-19
2.12383e-18
-2.40299e-19
-8.8286e-19
-1.05575e-18
-9.71066e-19
1.00853e-19
1.96387e-18
-1.07805e-18
-3.818e-18
1.00571e-18
-9.35247e-19
1.18927e-18
3.0397e-18
1.76995e-18
3.4596e-18
-1.34014e-18
6.17927e-18
-1.96526e-18
7.30716e-18
-3.38039e-19
5.65564e-18
1.41222e-19
4.61947e-18
-5.91464e-19
6.33108e-18
-9.46818e-19
3.13036e-18
-3.87614e-20
3.19881e-18
-1.29705e-18
4.66683e-18
1.47105e-18
-1.29835e-18
-1.1905e-18
4.36633e-18
2.008e-18
1.48802e-18
5.01207e-19
3.44586e-18
-2.05496e-19
-1.61256e-19
3.54847e-19
4.96046e-18
-1.17688e-18
-3.95035e-20
-5.43895e-19
1.3204e-18
-5.68088e-19
4.58235e-18
1.71264e-19
1.03317e-18
-6.58238e-19
-7.36015e-18
-1.5185e-18
-3.43532e-18
9.50962e-19
-2.4663e-18
9.91348e-19
-2.68768e-18
8.48147e-19
-3.05808e-18
-4.56453e-19
-2.59415e-18
6.8175e-19
5.88125e-18
-6.16341e-19
-7.2536e-18
1.69477e-19
-1.94867e-18
1.1361e-19
-1.23566e-18
-4.7673e-19
-4.18172e-18
1.61414e-18
-1.15629e-18
5.32019e-19
1.17544e-18
2.10855e-19
1.08224e-18
1.91985e-18
-3.62186e-18
2.78652e-18
4.74835e-18
-1.22371e-20
-2.10825e-18
-4.64494e-19
-3.82496e-18
2.15556e-18
-6.56528e-18
3.17035e-18
-4.54247e-18
-7.07113e-19
-2.12568e-18
-1.71878e-18
-4.23246e-18
1.0007e-19
-8.36227e-19
-3.37556e-19
1.03458e-19
4.60361e-19
4.09278e-19
-6.91046e-19
-1.8819e-19
-1.55472e-18
8.2089e-18
1.41209e-19
-1.71874e-18
-1.68648e-18
-1.14853e-18
-2.38924e-19
-2.04316e-19
-2.92471e-19
1.31636e-18
2.18016e-21
4.18457e-18
-1.63151e-18
-7.25491e-18
5.18666e-19
-3.18183e-18
-1.65955e-18
-4.26989e-19
-6.20697e-19
3.00156e-18
1.93381e-18
-9.62429e-20
-8.27274e-19
1.89749e-18
-6.02793e-19
-4.37822e-18
3.1491e-19
-1.3767e-18
-2.53256e-18
-5.84543e-18
-1.27819e-19
-3.93829e-18
2.74762e-19
-1.35877e-18
-3.05521e-18
2.78101e-18
1.58364e-18
-0.0326782
0.000643487
0.00177424
-0.000770234
-0.055145
0.000369162
-0.0562707
-0.00146988
0.00175745
0.000424294
-0.0281556
0.00209487
-0.0308976
0.00166659
0.00133773
-4.66593e-05
0.00698068
-0.00245594
3.64196e-18
1.05863e-18
2.70644e-19
-1.84086e-19
4.66642e-18
-9.87469e-19
-0.0282212
-0.00152937
-0.0018385
0.000413948
-0.0114525
0.00206295
-0.0147391
0.000643487
-0.00264512
-0.000770234
-0.0254364
0.000369162
0.00459927
0.000269773
-0.000971523
2.99627e-05
-0.0225231
-0.000570941
4.22051e-18
-1.38397e-18
-1.99946e-18
-2.26346e-20
-4.50759e-18
1.12796e-18
5.77449e-19
-6.92345e-19
-2.77908e-18
2.79955e-18
8.67164e-18
-1.48482e-18
-1.38478e-18
-2.04527e-20
-3.65766e-18
1.13465e-18
2.89554e-18
-1.78182e-18
8.59056e-18
-5.18939e-19
1.2008e-18
7.47892e-19
-2.7285e-18
9.64017e-19
-6.4676e-19
5.43595e-19
2.32209e-18
1.1955e-18
-6.38934e-18
1.10523e-18
4.50283e-19
-5.64224e-19
-3.80355e-19
1.4117e-18
9.10511e-19
-7.38844e-19
-1.00014e-18
1.09409e-19
-2.1306e-18
1.58481e-18
1.12405e-18
-1.30944e-18
1.08641e-18
1.30267e-18
-3.84389e-18
-3.1157e-19
4.14446e-18
9.50843e-19
-4.58194e-18
-1.4522e-18
7.51126e-18
5.62902e-19
2.36359e-19
-1.56867e-18
3.34074e-18
-1.21999e-18
-3.70926e-18
-5.49619e-19
-4.54644e-20
-8.89898e-19
-2.61055e-18
1.18978e-18
-4.98099e-18
-1.40388e-18
-2.89333e-18
6.30665e-19
-6.76317e-18
-4.37594e-19
4.221e-18
4.37523e-19
7.40111e-18
4.85196e-19
-8.48261e-19
-1.29018e-18
1.73663e-18
7.43314e-19
-4.27963e-18
-5.8639e-19
-1.43908e-18
-6.89886e-19
-1.92754e-18
5.18059e-19
2.40736e-18
-1.0963e-18
2.4342e-18
1.60419e-18
1.85769e-18
3.72429e-19
4.40912e-18
-1.28009e-18
-8.00026e-18
8.60862e-19
-7.48875e-19
-2.97529e-19
-6.06677e-20
-1.11424e-18
-0.0557425
0.00130038
-0.048548
-0.00328589
-0.0230995
0.0013317
-0.0185226
-0.00328589
-0.0153839
-0.000372426
-0.00847401
0.00171759
2.35328e-18
6.36489e-20
8.71719e-19
6.43703e-19
3.01539e-18
-1.59038e-18
2.10581e-18
6.83767e-19
6.09633e-19
-2.70309e-19
-7.35329e-18
3.51836e-19
-1.77751e-18
2.17893e-18
1.14841e-18
-1.9538e-18
-0.0540708
0.000661065
-0.0538058
-0.00112213
-0.0226422
0.000661065
-0.0224416
-0.00112213
-0.0160019
5.22891e-05
-0.0147994
0.000270226
3.68593e-18
-2.0852e-18
-1.34503e-18
2.29121e-18
1.34115e-18
1.61485e-18
-3.04838e-18
-7.31361e-19
-0.0259153
-0.000466288
-0.00447633
0.000965965
-0.02181
0.00153311
-0.0187947
-6.95034e-05
0.000165432
-3.07199e-05
-0.0148329
-0.000720687
-7.43714e-19
-1.04151e-18
-3.42712e-18
-1.97655e-19
-0.00324231
-0.00107212
-0.0582271
-0.000466288
0.00116807
0.000965965
-0.0541218
0.00153311
-0.0215151
-0.00191856
-0.00423525
-0.00098769
-0.0274529
0.00027971
-0.013314
0.001081
-0.000318792
4.68543e-05
-0.0193086
7.55384e-05
0.00130508
0.00107365
-1.94667e-18
1.96907e-19
1.37726e-18
4.42023e-19
-0.0531899
-0.00191708
0.00110572
-0.000987785
-0.0591218
0.000280565
-5.2208e-18
-5.43574e-19
-0.0525661
6.85721e-05
-0.0551389
-0.000204598
1.57602e-19
1.24181e-18
-0.0174552
8.67362e-19
-0.0145106
-0.000205874
-0.0119312
6.85721e-05
-0.0161724
8.67362e-19
-9.90222e-20
-5.75381e-19
-7.28019e-18
1.44628e-18
-1.84968e-18
-1.87984e-18
-5.52293e-19
-6.50569e-19
3.83634e-19
4.18798e-19
1.48069e-18
-8.3882e-20
-3.54678e-18
6.8225e-20
-1.96346e-18
-1.11988e-18
-2.14797e-18
-2.30555e-19
-6.11096e-18
1.26587e-18
-7.28494e-18
1.88917e-18
-2.55297e-18
-5.95261e-19
-5.99136e-18
1.47854e-19
2.54255e-19
-4.54596e-19
-2.3991e-18
-1.0665e-18
-2.33782e-18
6.60503e-19
-3.17886e-18
-1.3012e-19
-7.35476e-19
5.18272e-19
-2.96747e-18
-1.06986e-18
-3.72865e-18
2.12012e-20
1.04614e-18
2.76674e-19
-8.85786e-18
1.05507e-18
2.58768e-18
-1.57349e-18
-8.43649e-18
3.07793e-18
-5.99609e-18
-7.75812e-19
-8.70741e-19
-7.70349e-19
-6.27671e-19
1.24527e-18
-2.05772e-18
4.46412e-19
1.93545e-18
-6.14432e-19
4.01124e-18
-7.04817e-19
6.89471e-18
-1.29099e-19
2.73946e-18
8.00435e-19
-2.52601e-19
8.67216e-19
2.52086e-18
4.47987e-19
-4.34999e-19
5.1241e-19
-2.07703e-19
-1.3375e-18
1.85842e-18
7.83305e-19
-5.76016e-18
-1.53029e-19
4.31171e-18
6.31102e-19
2.23128e-19
-6.09399e-19
-2.48562e-18
6.13451e-19
-8.40296e-18
2.58473e-18
1.93037e-18
-7.1913e-20
2.48051e-18
1.84578e-19
5.91359e-18
-1.02203e-19
-2.49578e-18
-1.28917e-18
-1.22351e-18
-1.14442e-19
3.60967e-19
1.14958e-18
-2.66167e-18
-7.60306e-19
1.41021e-18
4.43276e-19
5.59772e-18
5.10938e-20
-1.42489e-18
-7.20195e-19
0.000552692
-7.7567e-05
-0.0611427
-0.0013067
-5.10956e-18
-5.73018e-19
4.57336e-18
-4.18557e-19
-0.000681941
0.000177422
-0.0245013
0.00127378
-0.00401574
-7.7567e-05
-0.0311173
-0.0013067
-2.66063e-18
1.21802e-18
-5.22949e-18
3.60802e-19
4.86402e-18
-4.43004e-19
-5.14666e-18
-4.15918e-19
-1.09114e-18
1.00207e-18
-2.92125e-18
1.04165e-18
3.19086e-18
1.84385e-19
8.41798e-18
-9.46705e-19
5.60158e-18
1.86964e-18
-2.74548e-18
-9.13866e-19
1.31347e-18
-5.06236e-19
7.98772e-18
5.85611e-19
5.86885e-19
-1.03838e-18
-6.56991e-19
1.45667e-18
2.95779e-18
1.01941e-18
-2.23559e-18
-1.97625e-19
-2.38396e-18
-1.58633e-18
7.1869e-18
-9.39015e-19
-6.9456e-19
2.69257e-19
2.04401e-18
-2.13746e-19
-1.5405e-18
5.89027e-20
-5.80761e-18
3.13867e-19
4.85912e-18
1.58969e-18
-1.90321e-18
5.40979e-19
4.39302e-18
-1.34661e-18
1.00609e-18
1.11524e-18
5.63202e-19
-6.42192e-19
-6.32636e-18
8.30777e-19
-1.71109e-19
1.25363e-18
1.67627e-18
-4.72816e-19
-2.21819e-18
2.8813e-19
2.80724e-18
-5.69218e-19
-3.98132e-18
5.2744e-19
-5.67315e-18
3.66173e-19
1.20105e-17
6.45394e-19
2.41981e-18
3.33337e-19
-2.41168e-18
4.38628e-19
-2.71945e-18
-3.64594e-19
3.69875e-18
-2.12606e-18
2.99209e-18
-1.46248e-18
-7.86276e-19
7.29913e-19
-0.0560527
0.00100014
0.000939727
0.000254521
-0.0271872
0.00100014
-0.00308287
0.000254521
-0.0322934
-0.000653722
0.00138307
-0.000138703
-0.00110103
0.000113171
-0.0250432
0.00155314
-0.00350107
-2.01586e-05
-0.0252199
-0.00149567
0.000935333
4.93081e-06
-0.0539293
-0.00136234
-8.5664e-18
8.71254e-19
1.07309e-18
1.2451e-18
3.32053e-18
5.53751e-19
1.2144e-18
5.44898e-19
2.27924e-18
1.48816e-18
-2.05548e-19
-1.9715e-18
-2.07986e-19
1.24481e-18
-1.59144e-18
-4.05882e-19
-2.30783e-18
-1.12722e-18
7.00724e-18
-1.22193e-18
-4.80242e-18
-1.72718e-18
7.85589e-18
-1.00136e-18
3.71384e-18
7.764e-20
-9.03041e-19
1.25797e-18
3.4417e-20
-5.94496e-20
-3.68333e-18
-8.19418e-19
-9.68774e-18
1.65004e-18
-3.6955e-18
-1.95273e-18
4.50971e-18
1.49152e-18
-5.82966e-18
-3.02997e-19
-2.59131e-18
-4.44213e-19
2.26091e-18
-4.34645e-19
-6.5172e-19
2.06775e-18
4.89992e-18
-1.33204e-18
-2.20732e-18
-2.99645e-20
-4.63201e-18
8.25684e-19
-2.92021e-18
-5.00318e-19
9.42491e-18
-1.30459e-18
-4.61073e-19
1.47769e-18
-6.89372e-19
6.11693e-19
-1.7346e-18
5.33401e-20
-3.67279e-19
-1.59657e-18
1.6627e-18
6.94036e-19
-4.97769e-18
5.58471e-19
2.03188e-18
6.64654e-19
1.83061e-19
4.70909e-19
6.11177e-18
-5.47062e-19
7.40814e-19
6.56126e-19
8.09563e-18
-1.05744e-18
4.43754e-18
-8.82509e-19
1.09606e-17
-1.05715e-18
1.90233e-18
7.46965e-20
2.71196e-18
1.3024e-18
-6.55508e-20
9.27074e-19
-1.85246e-19
-2.18437e-18
-1.46712e-18
-1.42515e-18
9.42664e-20
1.1144e-18
-2.64756e-18
-4.55162e-19
1.11746e-18
-3.41117e-19
-6.24561e-18
-7.07202e-19
2.31646e-20
-1.44455e-18
-5.80773e-18
1.89686e-18
1.24819e-17
-8.13745e-19
-4.17848e-18
-4.27257e-19
-5.18541e-18
2.07791e-18
0.00064151
-5.309e-05
-0.0557024
0.000363466
-0.00455694
-5.309e-05
-0.0243382
0.000363466
-0.0001214
2.82845e-05
-0.0173422
0.000243014
-6.59309e-19
9.56914e-19
1.69167e-18
-8.93418e-20
-5.23036e-19
4.28823e-20
9.88116e-19
-5.17557e-19
-3.4421e-18
-1.87096e-18
-2.87312e-18
2.25328e-18
4.15753e-18
1.65914e-18
1.84644e-18
-2.10407e-18
-4.52432e-18
-8.81694e-19
-2.06249e-18
-8.20317e-19
-1.30999e-18
1.10179e-18
-0.0536777
-0.000949965
0.00072302
0.000106377
-0.0545687
0.00052707
1.02894e-18
-2.26558e-19
-1.85639e-18
3.93898e-19
-2.56943e-18
4.84533e-19
-0.0148999
0.000125049
-6.52586e-05
1.36728e-05
-0.0162523
0.000151348
-0.0219128
-0.000949965
-0.00466401
0.000106377
-0.0228038
0.00052707
-8.56376e-18
1.80433e-19
1.62638e-18
-6.43931e-19
-0.0257442
-0.000182972
-0.00513001
-2.59517e-05
-0.0189654
-0.000396303
0.000185475
-4.59564e-05
-1.63764e-18
-1.03783e-18
3.52236e-18
1.78564e-18
-0.0582372
-0.000207907
0.00077004
-3.63144e-05
6.3673e-18
-1.33603e-19
-3.74828e-18
-1.06364e-18
-0.0537085
-0.00081502
0.000675344
6.92573e-06
-0.02228
-0.00081502
-0.00455341
6.92573e-06
-0.0154859
5.17166e-05
-2.47666e-05
5.30718e-06
3.10395e-18
1.43104e-18
-1.20997e-17
9.93639e-20
5.72877e-20
1.10348e-18
4.78211e-18
-3.09772e-18
7.00362e-19
-4.03495e-19
1.91139e-18
9.44978e-19
-5.2825e-18
1.54793e-18
-3.40987e-18
-2.81479e-18
-0.0389177
-0.0117497
-0.0601002
0.0116321
-0.0210368
0.000319698
-0.0492875
-0.000411907
3.34145e-18
2.81692e-20
1.30608e-18
2.55263e-18
-4.51364e-19
-1.23107e-21
1.3502e-18
-1.48943e-19
1.43691e-18
-7.73181e-19
-5.20417e-18
4.58705e-19
8.3207e-18
2.09112e-18
1.45674e-19
-1.35456e-18
-3.23304e-18
-1.49852e-18
2.78232e-18
-6.84485e-19
7.64671e-19
1.39157e-18
-5.84527e-19
1.16386e-18
1.45961e-19
3.2243e-19
5.06135e-18
-8.34392e-19
1.65286e-18
7.57852e-19
-4.57654e-18
1.74129e-18
-1.00941e-17
-6.43068e-19
-4.2019e-18
9.0904e-19
3.24914e-19
-8.36704e-19
-4.51926e-18
7.56289e-19
1.37441e-18
-5.10674e-20
-2.71633e-18
9.67896e-19
-1.47715e-18
-8.41144e-19
2.87044e-18
-1.14119e-18
-8.38625e-19
-7.51341e-19
3.31282e-18
-9.9852e-19
-3.21031e-18
-2.50915e-18
-6.17328e-18
1.22995e-18
3.06431e-18
2.96558e-18
-1.38792e-18
-1.90226e-19
-9.3381e-18
1.3668e-18
-1.48023e-18
-4.0668e-19
-7.6485e-19
2.04206e-18
2.14778e-18
-2.06352e-19
2.43678e-18
-1.16107e-18
-2.17789e-19
8.13504e-19
1.67363e-18
-7.97457e-19
2.17432e-18
1.03112e-18
-3.39289e-18
-3.51858e-19
-2.28259e-18
-6.91621e-19
9.95667e-19
-3.30337e-19
1.48884e-19
2.77179e-19
2.64376e-18
1.10957e-18
2.82416e-18
1.98977e-19
7.89473e-19
5.34525e-19
7.36213e-19
-7.08449e-19
-1.62352e-18
4.91803e-19
2.23267e-18
-1.68506e-19
9.12979e-19
-8.49183e-19
-1.62904e-18
8.68277e-19
-2.15593e-18
-7.35679e-19
3.65099e-19
-1.03759e-18
-6.22494e-19
-6.51518e-19
-5.46058e-18
5.01943e-19
-2.42637e-18
-1.33717e-18
4.04928e-18
2.32868e-19
1.51845e-19
1.32984e-19
1.1394e-18
1.53414e-18
-1.64092e-18
6.61278e-19
4.17744e-19
1.33972e-18
1.96668e-18
-6.91746e-19
-4.40888e-18
-5.78863e-19
-2.19496e-18
-6.5197e-20
-2.56535e-18
-5.6655e-19
-1.35466e-18
-1.33368e-18
7.49469e-19
-4.72594e-19
-8.29245e-18
1.49125e-18
-5.28574e-18
-8.61202e-19
3.45063e-19
1.07643e-18
2.09993e-18
-7.50927e-19
-1.30273e-18
7.76357e-19
-1.27379e-18
-1.78187e-18
-5.29722e-19
1.72183e-19
-1.75604e-18
-1.01607e-18
-7.60716e-19
-6.03259e-19
-2.43807e-18
2.82257e-20
-4.82482e-18
7.99329e-19
-6.95638e-18
6.13677e-19
3.14083e-18
1.4738e-18
1.08467e-18
-9.25352e-19
-2.20137e-19
-1.59469e-19
5.69993e-18
3.98753e-20
-2.30126e-18
2.04723e-18
-3.91195e-18
6.89938e-19
-4.68645e-18
4.51232e-20
3.4832e-18
-1.38458e-18
-1.44141e-19
-6.80283e-19
1.82604e-18
3.86805e-19
-2.16857e-18
-1.07969e-18
8.59253e-18
-3.7213e-19
-3.20486e-18
1.649e-18
-5.60493e-18
3.08063e-19
-6.95824e-18
4.68087e-20
3.11131e-18
1.82089e-20
2.98553e-18
-1.35922e-18
-1.08005e-18
2.1619e-18
5.42346e-18
-3.21118e-19
1.42465e-18
5.79416e-19
1.18754e-18
-4.64959e-19
5.0148e-19
6.79942e-19
1.52411e-18
7.4403e-19
4.71852e-18
1.65972e-18
7.09996e-19
5.51496e-19
-5.3831e-18
-3.01015e-19
4.36543e-18
1.2178e-18
-1.06262e-18
5.13752e-19
8.15108e-19
1.60866e-18
-1.30877e-18
-1.57752e-19
-9.26871e-19
1.4421e-18
1.03066e-18
6.86938e-19
-4.6429e-18
-1.42511e-18
6.57767e-19
-9.28137e-19
7.27983e-18
-1.16096e-18
5.69573e-19
7.05379e-19
3.19755e-19
9.49328e-20
-1.53903e-18
5.39731e-19
-1.07555e-18
-1.51574e-19
1.22091e-18
-1.0219e-18
1.39593e-18
1.44356e-18
-1.59468e-18
-5.71592e-20
-1.07606e-18
-2.09187e-18
1.1201e-18
-1.85376e-21
2.12651e-18
1.0275e-18
2.76952e-18
3.54437e-20
-6.71899e-19
-1.84668e-18
2.31046e-18
-7.27063e-19
4.44008e-18
-5.0354e-19
-3.88001e-18
8.42153e-19
9.73933e-19
4.65147e-19
-1.71795e-18
-6.25636e-19
-2.68391e-18
-4.15778e-19
-8.6455e-18
-1.39448e-18
5.35776e-18
1.06894e-18
-0.0495634
0.00314807
-6.50253e-18
1.1393e-18
-0.0119539
-0.00162233
-0.0192968
0.00314807
1.58712e-18
3.48095e-20
-1.32238e-18
-1.62176e-18
-4.66973e-18
-2.84714e-20
-1.34746e-18
4.42362e-19
Process [1]
1.98362e-18
2.80669e-18
-6.79502e-18
-3.06777e-19
-3.32975e-18
-9.38125e-19
-1.46244e-18
1.00894e-18
2.86249e-18
-1.2116e-18
-9.86453e-19
-6.78937e-19
1.57478e-18
1.56011e-18
1.3895e-18
1.12248e-19
-1.16045e-17
2.1406e-18
-2.17296e-18
-8.56416e-19
1.08633e-18
-1.54752e-18
-1.39883e-18
-1.73496e-18
-1.5254e-18
1.4804e-18
5.4168e-18
-1.22081e-18
-3.27708e-18
2.50615e-18
5.38579e-18
-2.40331e-19
-2.40135e-18
4.56024e-19
-7.83622e-19
-1.2608e-18
-0.0497504
-0.00140831
-0.0205962
-0.00140831
-0.0129218
0.000421263
-3.4538e-18
-5.1924e-19
-4.68497e-19
1.45103e-19
-4.47519e-18
3.68636e-21
-1.38566e-18
3.10765e-19
1.78738e-18
-7.77649e-20
7.11293e-18
-9.74521e-19
-1.62846e-18
-8.1788e-20
-1.66194e-18
-5.91463e-19
5.75198e-19
3.23172e-19
-4.45027e-18
-6.62376e-19
-6.50469e-18
6.79991e-19
1.19201e-18
-9.72794e-19
-5.67751e-18
-1.3121e-19
1.05457e-19
5.80246e-19
-4.08703e-18
-2.72438e-18
-1.95088e-18
2.86815e-19
-7.21891e-20
1.00853e-18
-4.18664e-18
2.60097e-19
2.10337e-18
8.03522e-19
4.26318e-18
2.09711e-18
0.000473803
0.000183561
-0.0535561
9.23497e-06
-0.00368468
0.000183561
-0.0244019
9.23497e-06
-0.000209516
4.42891e-05
-0.018294
0.000555647
2.01977e-19
-3.75352e-19
-3.04276e-18
-7.47888e-19
-2.59458e-18
6.11709e-19
1.78525e-18
8.15704e-19
3.17391e-18
4.63242e-19
-0.0519951
0.00108403
-0.0214001
0.00117581
-0.0147166
-0.000298877
4.08749e-19
-2.77565e-19
3.45865e-18
5.99395e-19
-7.64379e-19
1.31449e-18
1.5578e-18
1.19942e-18
4.66198e-19
-1.02422e-18
4.02596e-18
-2.06679e-18
-1.26244e-18
1.52296e-18
-2.42869e-18
-6.60416e-19
-6.63044e-18
-2.483e-19
-8.67446e-18
-3.96749e-19
4.25666e-18
9.68675e-19
-2.00438e-18
-7.62532e-19
4.71441e-18
1.96254e-18
3.01937e-18
1.81916e-18
-3.34502e-18
-1.53665e-18
5.62333e-18
8.43085e-19
-3.76175e-19
-1.38503e-18
-1.1776e-19
-5.35698e-19
-4.27724e-18
8.81892e-19
-1.80136e-18
-1.70288e-19
-1.24316e-17
1.58666e-18
-2.85044e-18
1.02331e-18
3.76545e-18
3.96355e-19
-5.33452e-18
9.64806e-19
3.3599e-18
-2.56245e-19
-1.6448e-18
7.8418e-19
6.55089e-18
4.95112e-19
-1.76715e-18
-8.21393e-19
8.24282e-19
-2.02319e-18
-5.819e-18
1.06713e-18
2.7422e-18
6.72258e-19
3.27547e-18
1.00337e-19
4.32991e-19
-1.09029e-18
-5.4524e-18
1.58147e-18
-9.01849e-18
1.01791e-18
7.9418e-19
2.75472e-19
-2.694e-18
1.32277e-18
3.19706e-19
5.84439e-19
-4.61917e-18
1.80454e-19
-7.60656e-18
8.85061e-20
-7.35248e-18
4.85313e-19
1.89102e-18
1.35614e-18
-8.21988e-19
-1.13672e-18
1.88518e-18
2.82745e-18
-4.44621e-18
-9.16453e-19
2.96975e-18
-2.26595e-18
-6.02412e-18
2.36467e-18
4.24383e-18
-2.09405e-18
-8.87596e-19
-1.30631e-19
1.14084e-18
1.1133e-18
-7.06203e-18
-1.31712e-18
-8.44786e-18
1.70605e-18
2.75956e-18
-6.35171e-19
-2.08865e-18
1.67702e-19
-1.18321e-18
1.22032e-18
-7.19608e-19
-1.4421e-19
-8.77248e-20
-2.06174e-18
1.46069e-18
-7.9391e-20
8.65727e-18
-1.79612e-18
-1.29259e-18
1.57583e-19
-3.5719e-18
3.71582e-19
2.16972e-18
-3.12388e-19
1.71961e-18
-1.40868e-18
7.39727e-19
1.07045e-18
5.58555e-18
-3.1245e-19
-2.51875e-18
1.75724e-18
-9.15563e-18
8.36456e-19
-3.6863e-18
1.63775e-18
-0.00406749
2.7025e-05
1.90929e-18
-2.48314e-18
0.000132573
-2.82606e-05
-0.0177335
-0.000275634
-0.0235906
-0.00030843
6.59564e-19
-1.35044e-18
-1.14387e-18
-1.40635e-18
4.1461e-18
-8.88597e-19
0.000563768
3.62006e-05
-0.0537263
-0.000393746
-5.42196e-18
-4.65466e-19
-7.88111e-18
5.42983e-19
-2.10437e-18
-5.95609e-21
5.75486e-18
-1.26423e-19
-5.13855e-18
2.20692e-18
-6.1916e-18
1.1424e-19
3.88505e-18
8.98741e-19
-1.2231e-18
5.77178e-19
-3.21643e-19
4.7954e-19
-1.99961e-18
-1.23758e-18
-6.47151e-18
5.64455e-19
-4.74079e-18
-2.45672e-18
9.3328e-19
6.24133e-19
-9.43665e-19
-2.57891e-19
1.85761e-18
1.43896e-18
-2.43729e-18
1.50302e-18
1.59794e-18
-3.97223e-19
2.19178e-18
1.2626e-18
-2.99204e-18
3.79434e-19
-2.15871e-18
1.70125e-18
-7.58633e-18
5.85278e-19
2.1273e-18
-2.04801e-19
1.6138e-18
9.02127e-19
-6.88048e-18
-1.67571e-18
-4.68699e-18
-9.12107e-19
-2.2115e-18
1.79232e-19
-6.5933e-18
-1.7003e-18
-5.12423e-18
-1.12717e-18
-3.81453e-18
-2.63328e-18
4.06606e-18
1.98068e-20
-2.89736e-18
-7.51657e-19
1.02062e-18
-1.86861e-18
2.6714e-18
-7.43846e-19
-3.48994e-18
3.51403e-19
-2.50997e-18
1.74791e-19
4.25392e-18
1.6698e-18
-0.00412898
6.6507e-05
-0.0314425
0.00128571
-0.0272355
-0.00127771
0.000680105
-0.000178756
4.05966e-18
-7.89563e-19
5.06192e-18
-1.07004e-18
-4.1494e-18
6.98357e-19
-1.33089e-18
-1.22381e-18
-0.0617091
0.00128571
0.000552976
6.6507e-05
-2.19733e-19
1.71781e-18
-9.90295e-18
1.9926e-19
2.86013e-18
-2.47798e-19
-5.80197e-18
4.93955e-19
2.14203e-19
-1.14236e-19
-4.74456e-18
1.25732e-18
6.55817e-18
-1.46231e-19
2.66713e-18
-7.02777e-19
-1.70794e-18
3.98264e-19
2.34838e-18
1.23195e-18
2.70219e-18
9.65251e-19
-3.56955e-18
3.74708e-19
-4.12757e-18
-2.35645e-18
-4.43307e-18
-6.45646e-19
-2.78591e-18
2.04583e-18
-1.66696e-18
-4.15038e-19
-5.83423e-18
4.01361e-19
6.01191e-18
2.40448e-19
-4.83667e-18
1.4542e-18
-2.63952e-18
7.68354e-19
-1.33439e-17
-1.58943e-19
-7.6273e-18
-7.61388e-19
-4.12857e-18
-1.42881e-18
-6.08055e-18
3.03724e-19
-5.87766e-19
6.78741e-19
-7.60572e-18
1.41314e-18
-6.96726e-18
4.04884e-20
-1.19629e-18
4.81148e-19
2.51481e-18
-3.05114e-19
-2.86202e-18
5.57419e-19
-3.22825e-18
-3.8236e-18
-4.14793e-18
-4.01894e-19
-3.78543e-18
8.52251e-19
-7.45084e-18
-1.14388e-19
-4.22608e-18
6.12268e-19
4.325e-18
-5.54349e-19
-1.69279e-18
-1.41013e-18
3.89248e-18
1.40366e-18
-7.04296e-18
-1.72134e-18
-2.21813e-18
5.01713e-19
1.42072e-18
7.40958e-19
7.17172e-19
-2.20472e-19
3.96624e-18
1.90612e-19
4.63496e-18
-4.09442e-19
-2.01885e-18
4.59041e-19
-1.56846e-19
1.92572e-19
-2.81749e-18
8.57769e-19
6.25342e-18
9.76008e-19
5.79646e-18
-2.41154e-19
-4.16602e-18
-6.53146e-20
-7.56576e-19
5.65952e-19
-3.81808e-18
-8.56205e-19
-4.22825e-18
1.18604e-18
-7.47828e-19
-4.87869e-19
-1.098e-18
6.45275e-19
-3.28287e-18
-9.8815e-19
-6.79432e-18
2.4711e-19
-3.36392e-18
1.20648e-18
-1.5914e-18
2.25444e-19
2.18259e-18
-2.79978e-19
2.14342e-18
2.79134e-20
4.65801e-18
4.69399e-19
2.76483e-18
-1.30953e-18
-5.19925e-19
1.19715e-19
4.46156e-19
-5.62925e-19
5.00462e-18
5.58856e-19
-6.54166e-19
-6.56049e-19
-3.82765e-18
4.86129e-19
6.84533e-18
5.19329e-19
-2.38683e-18
-1.41621e-18
-1.87397e-18
5.17353e-19
4.63386e-18
6.9736e-19
5.58998e-19
-4.06605e-19
2.03101e-19
1.26049e-18
2.71764e-18
-2.23833e-19
5.54114e-18
-1.56157e-18
-4.02705e-18
-6.75622e-19
-4.41993e-18
8.57759e-19
2.6801e-20
-6.02998e-19
-1.5732e-18
-1.51337e-18
-5.58104e-18
1.74906e-18
-3.29164e-18
-1.52976e-18
-3.13346e-18
-5.746e-19
-5.87668e-18
-2.79585e-19
-2.76417e-18
8.293e-19
-3.27493e-18
-3.15732e-19
1.29354e-18
-1.00365e-19
1.90575e-18
-1.7845e-18
-9.42865e-20
-4.66435e-19
-6.0113e-18
-8.89203e-19
-3.72531e-18
1.05967e-19
-3.13993e-18
1.13773e-18
-3.04296e-18
1.81289e-18
-5.36285e-19
-1.10767e-18
1.13872e-18
-6.39833e-19
-5.87262e-18
4.16179e-19
-1.70607e-18
1.96665e-19
-2.65059e-18
1.40197e-18
-5.21413e-18
-6.86633e-19
2.91897e-18
-4.0808e-19
4.19785e-18
1.80959e-19
-7.61591e-18
-1.43734e-18
-3.0896e-19
3.354e-19
4.44967e-18
4.51939e-19
5.28912e-18
5.67062e-19
2.1012e-18
1.04271e-18
5.54661e-18
-3.70757e-19
-3.14395e-19
-1.24698e-19
-5.15101e-18
2.20164e-18
-2.21943e-18
1.59026e-18
2.69927e-18
-9.1828e-19
7.0629e-18
5.51513e-19
-3.02708e-18
1.50164e-18
-5.78481e-18
1.22072e-18
-1.32637e-18
3.06798e-19
-7.29485e-18
-3.29835e-19
-4.22446e-18
-7.8383e-19
-8.18061e-19
5.5242e-19
-3.99754e-18
-6.00799e-19
4.52195e-18
-1.20363e-18
-5.23851e-18
2.4841e-18
6.36915e-19
-1.31328e-18
-4.99086e-18
-4.4811e-19
-3.71076e-19
-6.62253e-19
-2.57169e-18
-6.59852e-19
-6.24922e-18
-1.22802e-18
-2.64471e-20
1.01949e-19
-1.02773e-18
-1.32013e-18
4.87883e-18
-7.84461e-20
-0.00213383
0.00234323
0.
-0.00273465
-0.000318037
0.
0.000849469
0.000410195
0.000218231
4.373e-05
0.000118599
-0.000944732
0.00146326
-0.000305936
-0.000222761
0.00140482
0.
0.000521939
-5.15818e-20
0.
0.
8.29407e-20
0.
0.
2.08475e-19
7.24324e-20
-1.44314e-19
0.
0.
-1.2454e-19
0.
0.
-7.12274e-20
0.0157478
0.00988579
0.0175638
0.0129631
0.0141275
0.0142268
0.0144397
0.0132848
0.0131861
0.0149352
0.0134804
0.016797
0.00977089
0.0153324
0.0307648
0.0303544
0.0301758
0.0306938
0.0309503
0.0310412
0.0310566
0.0310818
0.0303944
0.0310868
0.0309884
0.0308832
0.0297789
0.030331
0.0306623
-0.00167644
-6.19235e-20
-5.55119e-19
-1.04104e-18
-2.21452e-18
-1.02439e-18
-1.02153e-19
-2.71379e-19
1.70534e-18
1.52802e-18
-7.8756e-20
4.78874e-19
-5.22451e-20
0.00224924
0.00233915
-1.02027e-18
-9.23916e-19
-4.8333e-19
1.55449e-19
9.30171e-20
-1.9642e-20
-4.25586e-19
1.24265e-19
5.20319e-20
-9.95135e-21
-7.77674e-19
4.20356e-19
-7.22852e-19
-0.00937457
-0.00301875
0.000996901
-0.0060985
-0.00320319
-0.0038587
-0.00381242
-0.0038765
-0.00379754
-0.00369756
-0.00424899
-0.00353887
-0.00609156
0.00088304
-0.00290259
-0.0181241
-0.0185344
-0.0187131
-0.0181951
-0.0179386
-0.0178476
-0.0178323
-0.0178071
-0.0184945
-0.017802
-0.0178915
-0.0179717
-0.0191072
-0.0185585
-0.0182266
1.24909e-18
1.38145e-19
-1.05231e-18
-1.69797e-18
-2.77573e-19
-6.40715e-19
-2.20093e-19
-1.25154e-19
4.27534e-18
-9.66215e-19
2.17615e-18
4.89756e-19
9.60317e-19
1.3537e-18
1.54563e-18
-1.74776e-18
3.45266e-19
-2.45742e-18
-1.66235e-18
-2.28465e-18
-9.33762e-19
1.79857e-19
1.39916e-18
-2.93528e-19
-2.60981e-19
2.16078e-18
1.28987e-18
1.57287e-18
3.07443e-19
-1.50025e-18
-6.80287e-19
-1.26153e-18
1.8482e-18
-6.96239e-19
-8.88926e-20
1.62343e-18
9.3746e-19
6.00485e-19
4.13565e-19
1.34987e-18
3.08945e-19
1.36775e-18
1.46496e-18
1.81908e-18
-1.71009e-18
-1.36842e-18
-8.1166e-20
9.96319e-19
1.12821e-18
9.04688e-19
5.91932e-19
-1.92217e-19
3.55613e-19
-2.73194e-18
7.88815e-19
-4.13136e-19
-1.2286e-18
-5.15957e-19
1.60539e-18
4.68099e-19
-1.22465e-20
1.99862e-18
-3.50694e-19
1.84586e-18
1.38084e-18
4.27796e-19
1.47671e-18
-2.25333e-19
-1.3116e-19
-4.74003e-19
-2.87285e-18
1.20253e-18
4.55404e-19
-1.32011e-19
0.00482494
-0.00256176
-0.000481504
-0.000746352
-0.00236283
0.00461436
-5.49196e-19
3.02432e-18
1.61366e-18
3.15001e-20
9.6982e-19
1.36327e-18
0.00839814
-0.00961455
-0.000152703
-0.00956627
-0.000660916
-2.12128e-18
0.00846217
1.1568e-18
-1.71236e-18
1.03449e-18
4.60381e-19
1.12473e-18
1.06114e-18
2.27345e-18
-1.64532e-19
-2.66547e-19
-5.19811e-19
-1.17238e-18
1.07591e-18
1.69486e-18
1.15407e-18
8.66001e-19
1.53843e-18
-4.62669e-19
2.33306e-18
-7.48e-19
-5.56605e-19
-4.16949e-19
-0.00944281
0.000351449
5.45887e-19
0.00825644
-7.83e-19
3.6949e-19
0.0077846
-0.00929161
-0.000327019
-0.00968144
0.000287432
5.26632e-19
0.00844539
-1.85123e-18
7.03206e-19
6.65115e-20
0.00850071
-0.00967699
-6.77696e-05
1.29234e-18
0.00687053
0.00748873
2.24408e-18
-0.000459411
-0.00932729
-0.0091768
0.00149032
-7.45369e-19
5.22967e-19
-6.88206e-19
-5.31379e-19
-1.24006e-18
2.38933e-18
1.74116e-18
5.08312e-19
-1.23853e-19
1.40856e-19
7.37937e-19
2.07021e-18
7.77052e-19
1.38334e-18
6.36513e-19
-2.41001e-20
-3.14842e-19
9.68772e-19
-1.37495e-18
-1.37591e-18
2.83211e-19
5.69432e-19
-1.46948e-18
-5.84386e-19
5.55615e-19
-1.02601e-18
2.5578e-19
1.72742e-18
-1.56832e-19
-5.40287e-19
-0.00853147
0.00550779
-0.0101753
0.00754211
-2.65382e-18
-1.86917e-18
5.67526e-19
1.25076e-18
2.36385e-19
5.79912e-20
3.29381e-18
9.05916e-19
-2.34743e-18
1.58656e-18
-3.65788e-19
5.63848e-19
4.49814e-19
-9.12094e-19
4.30782e-20
2.73345e-18
-1.88231e-18
0.00986034
-0.0167232
-0.000187621
0.00152535
-0.0164415
0.00917033
-5.95841e-19
1.23439e-18
-1.05999e-18
3.1087e-18
2.66933e-18
5.97397e-19
2.24089e-18
6.95848e-19
-2.77103e-19
-4.45967e-19
-6.23679e-19
9.01609e-19
1.43844e-18
3.51139e-19
1.77306e-18
3.94957e-19
3.16214e-18
1.92495e-18
-2.14997e-18
-0.00946733
0.000298089
7.37938e-19
0.00751565
9.01809e-19
1.12521e-18
7.11474e-21
5.72523e-19
5.96092e-20
3.13655e-18
1.04395e-18
1.14161e-18
8.24417e-19
-5.34581e-19
-1.40856e-18
-2.74025e-20
2.78162e-18
-2.3138e-19
-3.93206e-19
4.0645e-19
-3.86339e-19
1.39106e-18
2.44735e-19
5.76335e-19
6.67245e-19
4.08024e-19
-1.10889e-18
-2.34591e-18
8.89071e-19
-2.50339e-19
-1.05333e-18
1.65492e-19
3.4446e-19
1.3297e-18
2.19385e-18
1.07086e-18
2.07491e-18
1.1641e-18
-1.71899e-19
1.43235e-18
-9.69983e-19
-6.65623e-19
1.09023e-18
-3.29387e-20
5.17323e-19
4.00142e-19
-8.43797e-19
1.2654e-18
9.90661e-20
2.47145e-18
-2.22706e-18
-2.71808e-18
-8.90085e-19
-9.98555e-20
-1.72875e-18
-4.42944e-19
7.62096e-19
2.18137e-18
-1.46896e-18
-1.98504e-18
-1.32199e-19
-1.54299e-18
-1.83165e-18
1.14149e-18
4.85694e-19
-2.00995e-18
-1.7297e-19
-1.65888e-18
-3.14124e-18
-2.35905e-18
-1.14077e-18
-1.59742e-18
-1.8269e-18
-4.16369e-19
7.23488e-19
7.64043e-19
-1.12979e-20
3.20978e-18
-5.883e-19
-5.2525e-19
-5.8382e-19
4.7053e-19
4.71848e-19
-3.24605e-18
-1.05002e-18
2.38137e-19
-3.6637e-19
9.21649e-19
-4.24109e-19
-2.48183e-18
3.04654e-19
-8.58207e-19
-1.19634e-18
-5.11935e-19
-3.36862e-19
-0.0175762
0.0015978
-0.0261066
-0.0245542
0.0014709
-0.0159889
-0.00594837
0.00109257
0.00325278
2.08683e-18
2.49961e-18
1.7747e-18
0.0160379
-0.00167867
0.00493884
0.00458397
-0.00226913
0.0166053
0.00246573
-0.00089203
0.000554416
2.94758e-18
1.15671e-18
-8.26042e-20
3.33125e-19
1.18715e-18
1.4274e-18
3.8556e-19
-8.15176e-19
5.01811e-20
1.00697e-18
-2.48031e-19
-3.58233e-18
-3.06924e-18
8.76351e-19
-1.21116e-18
1.08472e-18
-2.96374e-19
1.178e-18
-4.04233e-19
-1.48909e-18
8.49891e-19
1.08207e-19
7.72148e-19
6.42708e-19
-2.78699e-18
2.1533e-18
-2.40193e-18
3.18798e-19
-2.87617e-18
3.10362e-19
1.64861e-19
-2.77872e-18
-1.16429e-18
-8.56997e-19
-5.95268e-19
1.10062e-18
1.21008e-18
-6.27934e-19
-2.17335e-18
-1.56253e-18
-9.78149e-19
8.22615e-19
1.06642e-18
1.09804e-18
1.99133e-18
-1.78796e-18
-4.86469e-19
7.51538e-19
-0.0289742
-0.026233
0.0175476
0.0168703
-0.000215632
0.00271689
7.9729e-19
4.03303e-19
1.92374e-18
5.92882e-19
-7.12898e-20
-2.54039e-18
8.07491e-19
-1.44886e-18
-0.0275668
-0.0274924
0.0172698
0.0172646
2.51493e-05
0.000500437
1.8426e-18
7.54498e-19
2.57185e-19
8.07007e-19
0.017299
-0.00343011
0.0174215
-0.00080154
0.000153956
-0.000223747
4.7908e-20
1.12458e-19
-0.00259581
-0.0286286
0.00150874
-0.0285062
0.0173752
-0.00324002
0.0173428
0.00111809
-0.000264514
0.000294732
0.00136907
-1.553e-19
2.97762e-19
-0.0277579
0.00143338
-0.0277911
-8.50595e-19
-0.0331182
-0.0329858
5.88898e-19
0.
0.0292367
0.0291041
0.
-5.41996e-19
-1.79238e-18
-7.78815e-19
-6.30857e-19
-1.75188e-18
1.33521e-18
-9.56255e-19
1.56666e-18
-1.74533e-18
-1.37626e-18
-9.90283e-19
1.13098e-18
-1.87578e-18
5.11341e-19
5.77873e-19
-1.29654e-18
-7.24547e-19
7.83512e-20
-7.22835e-19
-2.98427e-18
2.14205e-18
-1.85356e-18
-8.61039e-19
-1.96384e-18
-1.11245e-18
-5.26683e-19
-1.2378e-19
1.43642e-18
8.57764e-19
8.12738e-19
3.01248e-18
2.33241e-18
1.48603e-18
2.10071e-19
2.07104e-18
4.60339e-19
6.81593e-19
6.11684e-19
2.02311e-18
7.93705e-19
-1.20429e-18
-1.65337e-18
2.18265e-19
-1.10148e-18
2.06085e-18
-3.09848e-18
-1.90466e-18
-2.30808e-19
-1.62521e-18
-1.80569e-18
1.32564e-18
1.24618e-18
0.00105099
-0.0254533
-4.30274e-19
2.88757e-18
-0.000610553
0.000688336
-0.00294639
0.0176499
1.4213e-18
-1.03593e-18
1.94192e-18
-1.89113e-19
1.05786e-18
-5.14035e-19
1.19516e-18
1.31182e-18
3.67589e-19
8.16719e-20
5.94516e-19
2.65319e-18
2.28717e-18
3.80653e-19
2.98244e-19
-7.41777e-19
-1.35145e-18
1.17226e-18
-1.25454e-18
5.73002e-19
-7.0717e-19
-7.09569e-19
1.14017e-18
5.56329e-19
2.69509e-18
1.10594e-18
-6.90011e-19
-3.31169e-18
-1.09165e-19
2.77227e-19
-2.31767e-18
1.27379e-18
-1.26499e-18
-1.09886e-18
3.82188e-18
2.01074e-18
-1.29531e-18
1.84636e-18
2.71367e-18
-1.46928e-19
-6.1911e-19
-0.0246655
0.00113529
0.0170049
-0.00238448
-0.00602148
0.00113972
-0.00103042
0.000799115
-0.00267485
0.0171749
0.00119013
-0.0253872
-1.67415e-18
-2.5162e-19
1.51736e-18
1.13899e-19
-1.99297e-20
-2.20605e-18
-8.91547e-19
-2.89197e-19
-6.2681e-19
8.62359e-19
-7.78592e-19
9.98166e-19
2.56149e-18
-2.49477e-20
-4.60769e-19
-2.4012e-18
-1.09347e-19
-8.73354e-19
1.89855e-18
-1.30531e-18
-5.0025e-19
8.68702e-19
8.97154e-19
5.67819e-20
-6.51902e-19
-2.46723e-18
-1.71525e-18
3.41908e-18
1.64302e-18
-5.50257e-19
-8.75521e-19
-4.49348e-19
1.77935e-19
-1.81623e-18
4.72659e-19
-5.85611e-19
1.59929e-18
-6.49378e-20
1.06025e-18
-3.83818e-19
3.56006e-18
1.65865e-18
1.06149e-18
3.3939e-19
-6.11838e-19
5.00157e-19
1.52667e-18
-3.69569e-19
1.81089e-18
-1.18278e-18
-1.56031e-19
-3.34427e-18
3.42611e-18
-2.10857e-18
-1.89936e-18
0.00118392
-0.0273751
-0.00336473
0.0173819
-0.000106146
0.000124737
-7.24011e-19
3.70338e-19
9.05423e-19
1.51276e-18
1.87228e-19
-1.25338e-18
1.16783e-18
1.51474e-18
1.36836e-19
-5.74542e-20
2.36155e-19
-0.0279907
0.00124872
-0.0279114
1.54145e-18
-7.02674e-19
2.3802e-19
0.000279859
-5.76515e-05
6.70478e-05
0.0172614
-0.00346493
0.0173406
-1.4074e-18
9.76307e-20
0.017736
-0.00380391
-0.000765199
0.000161101
-1.0918e-19
5.6252e-19
-0.0287939
0.0013524
2.06251e-18
-4.55462e-19
-0.0275924
0.00120134
0.0172442
-0.00337382
0.00010478
-2.16983e-05
2.57173e-20
-4.51236e-18
-1.68768e-18
-6.52012e-19
3.31222e-19
1.50831e-18
-2.16179e-19
-1.52971e-18
0.0103053
-0.0209173
0.0167893
-0.0260543
1.63256e-18
1.26355e-18
3.35052e-18
1.23049e-18
1.65587e-18
-1.38096e-18
2.84888e-18
1.53829e-18
-9.51256e-21
1.72251e-18
1.22792e-18
7.20089e-19
-2.29925e-19
2.9153e-19
1.37343e-18
7.83408e-19
-1.76065e-18
3.6883e-19
7.66856e-19
-1.62469e-19
4.33188e-19
-1.79838e-18
4.62071e-19
8.86821e-19
-2.31223e-19
8.6146e-19
-4.46002e-19
-5.47899e-19
8.29648e-19
-7.0417e-19
-3.45149e-18
-3.05274e-18
-7.0737e-19
1.46376e-18
4.12568e-19
6.33202e-19
1.48615e-18
2.57373e-19
-4.49982e-19
-7.88576e-19
-9.73932e-19
1.81277e-18
2.06821e-18
2.26608e-19
1.91568e-20
7.57549e-19
-4.45289e-20
6.79061e-19
-1.43375e-18
-7.65952e-19
-4.36206e-19
-3.00759e-19
-5.50238e-19
-6.60346e-19
-7.06535e-19
7.33645e-19
2.09228e-18
1.38635e-18
-1.23222e-18
-3.30219e-20
-2.32635e-19
-8.05475e-19
1.63103e-18
7.47536e-19
-2.19362e-19
-1.87757e-18
-2.47424e-18
-8.10443e-19
-1.28678e-18
9.98202e-19
-1.22758e-19
-1.11607e-18
-1.41377e-18
-1.18446e-19
-3.103e-19
1.46461e-18
-3.63991e-19
-2.76149e-18
1.09981e-19
8.04872e-19
-2.75921e-19
2.54699e-18
-1.38682e-19
-4.75446e-20
-1.18049e-19
1.2547e-18
1.05571e-18
-2.25308e-19
-8.16827e-19
3.8828e-18
-7.72868e-19
-3.48057e-18
-1.54334e-18
-1.93333e-20
1.47076e-18
9.29858e-19
1.71657e-18
1.58301e-18
6.37079e-19
7.46056e-19
-1.16137e-18
1.95842e-18
5.59683e-19
1.0517e-19
-1.99858e-19
-4.02395e-21
-9.16473e-19
-6.81079e-19
-1.41262e-18
-6.61426e-19
-5.63087e-19
5.83374e-19
5.24029e-19
-1.29311e-18
4.77271e-19
7.85357e-20
2.32294e-19
-2.67565e-20
-1.23575e-18
-3.23635e-19
3.69575e-20
-1.1199e-18
7.7581e-19
1.13569e-18
1.79244e-19
6.90483e-19
9.32477e-19
-1.15544e-18
1.1194e-18
-7.92115e-19
-3.73803e-19
-1.6633e-18
3.64444e-18
-0.0264438
-2.45897e-18
-0.000904963
0.0169575
9.44797e-19
-3.65132e-19
-1.34448e-18
-9.35193e-19
9.20222e-19
-2.08683e-18
-3.34562e-19
-1.52312e-19
1.4031e-18
-2.58661e-19
9.43559e-19
2.37706e-19
-1.29751e-18
-4.62206e-19
1.08066e-18
-1.52883e-18
1.01574e-19
-5.06663e-19
5.29932e-19
-2.13077e-20
-8.82157e-19
1.35395e-18
-0.0252848
0.0167423
0.000911925
1.32261e-19
1.08599e-18
1.81406e-20
8.3252e-20
5.34528e-19
2.32757e-18
8.94267e-19
-6.31899e-20
-6.48958e-19
2.64071e-19
-3.39814e-18
-1.47872e-18
-2.55343e-18
-1.57994e-18
-4.20387e-19
-2.18145e-19
6.75398e-19
-1.24774e-18
2.27237e-18
2.26816e-18
0.000937875
-0.0249861
-0.0027008
0.017041
-0.000187776
0.000209015
1.07728e-18
1.93206e-19
-1.39997e-19
2.19609e-18
1.58152e-18
-0.026467
0.0169768
-0.000139539
-3.84187e-19
6.51699e-19
-1.17029e-18
-2.13047e-19
-7.86523e-20
1.72512e-18
1.07172e-18
-1.19722e-19
-1.75924e-18
-2.34599e-18
1.54273e-18
1.11478e-18
3.71083e-18
2.02662e-18
-2.13027e-18
3.06959e-18
1.37994e-18
-1.14924e-18
-7.76929e-19
-5.69326e-20
-3.249e-18
-1.40882e-18
1.39418e-18
-5.90445e-19
1.36399e-18
6.443e-19
1.54001e-18
-7.51267e-19
-3.82422e-19
8.49544e-19
1.81145e-18
1.02957e-18
3.32701e-19
-2.76754e-18
-2.52511e-18
1.29986e-19
-1.22814e-19
-2.60401e-19
-1.84587e-18
-3.73762e-18
-3.47902e-18
-2.78934e-19
-2.32939e-18
1.65547e-18
-3.5249e-19
-4.61929e-19
-2.05915e-18
1.60443e-18
9.79589e-19
-1.04216e-18
-1.97389e-18
-2.74726e-18
-5.50099e-19
-9.60184e-19
-8.4743e-19
-1.00544e-18
8.0094e-19
1.03909e-18
1.764e-18
1.70058e-18
8.03194e-20
-2.37189e-19
-2.62191e-19
-1.0831e-18
1.59115e-18
-8.45587e-19
-2.73031e-19
-5.1407e-19
-0.00299313
-4.6285e-19
0.000115735
-0.000567282
0.0171192
1.19951e-19
7.62055e-19
1.34427e-18
0.00106827
-0.0263571
-1.35098e-18
-2.86588e-18
-6.18325e-19
2.39687e-18
-1.19728e-18
-2.17931e-18
2.42869e-19
-3.93624e-19
4.47766e-19
-9.72629e-19
-1.13459e-18
-1.16192e-18
-1.66545e-19
-7.15033e-19
1.56464e-19
4.42664e-19
1.7761e-18
1.33939e-18
-2.30308e-18
-1.93911e-18
-1.78771e-18
1.02421e-18
-1.94099e-19
-2.20824e-18
-1.36486e-18
1.28309e-18
-2.17271e-18
-2.07289e-19
-5.38514e-19
-6.05404e-19
-6.7974e-19
7.87519e-19
6.93616e-19
-3.5445e-19
-5.95764e-19
1.45602e-18
-0.0030259
0.0177222
-0.00282369
0.00058267
2.65191e-18
2.06989e-19
-7.29934e-19
-3.9066e-19
-0.025679
0.00107081
2.19145e-19
-9.21204e-19
-1.47271e-18
-1.70518e-18
-8.31954e-19
1.364e-19
2.02811e-18
7.06581e-19
2.58279e-19
-8.93801e-19
4.70561e-19
1.21356e-18
-4.83443e-19
-9.99091e-19
-1.29952e-19
5.97604e-19
-1.45037e-18
1.21294e-18
-1.24137e-18
-1.37329e-18
-3.86743e-18
-1.83631e-18
-3.21482e-19
2.15237e-19
1.87944e-19
-5.85062e-19
-9.06324e-19
-1.43899e-18
1.90217e-18
9.4826e-19
-9.4658e-19
-1.087e-18
-1.55117e-18
-1.95992e-18
5.24834e-20
1.56299e-18
4.20586e-19
1.0597e-18
-1.6586e-18
-1.1713e-19
3.96749e-19
1.40584e-18
1.04985e-22
1.78214e-18
3.44787e-19
-1.02407e-18
-2.99753e-19
4.2605e-19
2.61572e-18
-2.83425e-18
-4.14064e-19
-5.5406e-19
-1.89085e-18
-5.92418e-19
-1.8293e-18
-4.59376e-19
-2.33797e-18
-1.37204e-18
-1.01446e-18
7.53773e-19
8.92473e-19
2.14641e-20
6.5187e-19
-2.58747e-19
1.2843e-18
1.35472e-18
1.61813e-18
-1.0747e-18
8.99887e-19
-3.80884e-19
-6.02304e-19
1.19256e-19
-1.2439e-18
-7.0066e-19
1.35944e-18
1.08175e-18
1.05909e-18
-1.49607e-18
-4.46952e-19
4.37584e-20
-6.7546e-20
-6.33978e-19
-5.80099e-19
-4.75242e-19
-1.3692e-18
-1.65135e-18
9.53696e-19
5.98234e-19
-1.70499e-19
-2.19263e-18
-9.48512e-19
-6.42512e-19
-5.43863e-19
1.15522e-18
-2.35022e-20
-1.56469e-18
-1.44412e-18
-1.32568e-18
-5.64651e-19
8.62581e-19
7.52067e-19
-1.40073e-18
-1.4106e-18
5.03301e-19
1.06186e-18
-1.70929e-18
7.27039e-19
-1.29237e-18
-5.55907e-19
-4.79384e-19
6.10853e-19
2.95541e-18
-7.57499e-19
-1.32411e-18
1.14308e-18
-1.23074e-18
-7.25012e-19
5.83663e-19
-9.131e-19
6.38067e-19
-1.28268e-18
-3.57655e-19
-1.38134e-18
1.68659e-18
-1.46446e-18
-6.65117e-19
-9.75509e-20
1.75766e-18
9.84442e-19
